<?xml version="1.0" encoding="UTF-8"?>
<!-- Generated by org.testng.reporters.JUnitReportReporter -->
<testsuite hostname="NODE175" name="com.gmail.project.classes.TestLogin" tests="1" failures="0" timestamp="25 Nov 2014 04:37:48 GMT" time="74.748" errors="0">
  <testcase name="login" time="74.748" classname="com.gmail.project.classes.TestLogin"/>
</testsuite> <!-- com.gmail.project.classes.TestLogin -->
