<?xml version="1.0" encoding="UTF-8"?>
<!-- Generated by org.testng.reporters.JUnitReportReporter -->
<testsuite hostname="NODE175" name="com.gmail.project.classes.TestLogin" tests="1" failures="0" timestamp="20 Nov 2014 04:39:45 GMT" time="24.872" errors="0">
  <testcase name="login" time="24.872" classname="com.gmail.project.classes.TestLogin"/>
</testsuite> <!-- com.gmail.project.classes.TestLogin -->
