<?xml version="1.0" encoding="UTF-8"?>
<!-- Generated by org.testng.reporters.JUnitReportReporter -->
<testsuite hostname="NODE326" name="com.project.classes.TestLogin" tests="1" failures="0" timestamp="16 Dec 2014 09:49:23 GMT" time="18.990" errors="0">
  <testcase name="login" time="18.990" classname="com.project.classes.TestLogin"/>
</testsuite> <!-- com.project.classes.TestLogin -->
