<?xml version="1.0" encoding="UTF-8"?>
<!-- Generated by org.testng.reporters.JUnitReportReporter -->
<testsuite hostname="NODE175" name="com.gmail.project.classes.TestLogin" tests="1" failures="0" timestamp="2 Dec 2014 11:44:19 GMT" time="31.927" errors="0">
  <testcase name="login" time="31.927" classname="com.gmail.project.classes.TestLogin"/>
</testsuite> <!-- com.gmail.project.classes.TestLogin -->
