<?xml version="1.0" encoding="UTF-8"?>
<!-- Generated by org.testng.reporters.JUnitReportReporter -->
<testsuite hostname="NODE175" name="com.gmail.project.classes.TestLogin" tests="1" failures="0" timestamp="3 Dec 2014 10:20:05 GMT" time="34.820" errors="0">
  <testcase name="login" time="34.820" classname="com.gmail.project.classes.TestLogin"/>
</testsuite> <!-- com.gmail.project.classes.TestLogin -->
